<?xml version="1.0" encoding="UTF-8"?>
<testsuite name="CinemaTests" tests="1" skipped="0" failures="0" errors="0" timestamp="2022-04-15T19:15:58" hostname="STORMANGLL" time="7.447">
  <properties/>
  <testcase name="start" classname="CinemaTests" time="7.447"/>
  <system-out><![CDATA[?[1;31m
Start test 1?[0m

  .   ____          _            __ _ _
 /\\ / ___'_ __ _ _(_)_ __  __ _ \ \ \ \
( ( )\___ | '_ | '_| | '_ \/ _` | \ \ \ \
 \\/  ___)| |_)| | | | | || (_| |  ) ) ) )
  '  |____| .__|_| |_|_| |_\__, | / / / /
 =========|_|==============|___/=/_/_/_/
 :: Spring Boot ::                (v2.5.6)

2022-04-15 22:15:59.610  INFO 15136 --- [    Test worker] cinema.Main                              : Starting Main using Java 17.0.1 on stormangll with PID 15136 (started by storm in C:\Users\storm\IdeaProjects\Cinema Room REST Service\Cinema Room REST Service\task)
2022-04-15 22:15:59.642  INFO 15136 --- [    Test worker] cinema.Main                              : No active profile set, falling back to default profiles: default
2022-04-15 22:16:02.545  INFO 15136 --- [    Test worker] o.s.b.w.embedded.tomcat.TomcatWebServer  : Tomcat initialized with port(s): 28852 (http)
2022-04-15 22:16:02.573  INFO 15136 --- [    Test worker] o.apache.catalina.core.StandardService   : Starting service [Tomcat]
2022-04-15 22:16:02.574  INFO 15136 --- [    Test worker] org.apache.catalina.core.StandardEngine  : Starting Servlet engine: [Apache Tomcat/9.0.54]
2022-04-15 22:16:02.894  INFO 15136 --- [    Test worker] o.a.c.c.C.[Tomcat].[localhost].[/]       : Initializing Spring embedded WebApplicationContext
2022-04-15 22:16:02.894  INFO 15136 --- [    Test worker] w.s.c.ServletWebServerApplicationContext : Root WebApplicationContext: initialization completed in 3084 ms
2022-04-15 22:16:04.500  INFO 15136 --- [    Test worker] o.s.b.a.e.web.EndpointLinksResolver      : Exposing 14 endpoint(s) beneath base path '/actuator'
2022-04-15 22:16:04.596  INFO 15136 --- [    Test worker] o.s.b.w.embedded.tomcat.TomcatWebServer  : Tomcat started on port(s): 28852 (http) with context path ''
2022-04-15 22:16:04.624  INFO 15136 --- [    Test worker] cinema.Main                              : Started Main in 5.997 seconds (JVM running for 7.604)
2022-04-15 22:16:05.300  INFO 15136 --- [io-28852-exec-1] o.a.c.c.C.[Tomcat].[localhost].[/]       : Initializing Spring DispatcherServlet 'dispatcherServlet'
2022-04-15 22:16:05.301  INFO 15136 --- [io-28852-exec-1] o.s.web.servlet.DispatcherServlet        : Initializing Servlet 'dispatcherServlet'
2022-04-15 22:16:05.304  INFO 15136 --- [io-28852-exec-1] o.s.web.servlet.DispatcherServlet        : Completed initialization in 2 ms
?[1;31m
Start test 2?[0m
]]></system-out>
  <system-err><![CDATA[]]></system-err>
</testsuite>
